# JRE version: OpenJDK Runtime Environment Microsoft-8035246 (17.0.8+7) (build 17.0.8+7-LTS)
# Java VM: OpenJDK 64-Bit Server VM Microsoft-8035246 (17.0.8+7-LTS, mixed mode, sharing, tiered, compressed oops, compressed class ptrs, g1 gc, windows-amd64)
GC Precious Log:
 CPUs: 8 total, 8 available
 Memory: 16190M
 Large Page Support: Disabled
 NUMA Support: Disabled
 Compressed Oops: Enabled (32-bit)
 Heap Region Size: 1M
 Heap Min Capacity: 8M
 Heap Initial Capacity: 254M
 Heap Max Capacity: 2G
 Pre-touch: Disabled
 Parallel Workers: 8
 Concurrent Workers: 2
 Concurrent Refinement Workers: 8
 Periodic GC: Disabled
Heap:
 garbage-first heap   total 237568K, used 168991K [0x0000000080000000, 0x0000000100000000)
  region size 1024K, 30 young (30720K), 1 survivors (1024K)
 Metaspace       used 97488K, committed 98560K, reserved 557056K
  class space    used 13705K, committed 14208K, reserved 425984K
GC Heap History (20 events):
Event: 20.395 GC heap before
{Heap before GC invocations=39 (full 0):
 garbage-first heap   total 233472K, used 176735K [0x0000000080000000, 0x0000000100000000)
  region size 1024K, 73 young (74752K), 1 survivors (1024K)
 Metaspace       used 83991K, committed 84928K, reserved 557056K
  class space    used 11697K, committed 12160K, reserved 425984K
}
Event: 20.399 GC heap after
{Heap after GC invocations=40 (full 0):
 garbage-first heap   total 233472K, used 105515K [0x0000000080000000, 0x0000000100000000)
  region size 1024K, 4 young (4096K), 4 survivors (4096K)
 Metaspace       used 83991K, committed 84928K, reserved 557056K
  class space    used 11697K, committed 12160K, reserved 425984K
}
Event: 21.036 GC heap before
{Heap before GC invocations=40 (full 0):
 garbage-first heap   total 233472K, used 180267K [0x0000000080000000, 0x0000000100000000)
  region size 1024K, 77 young (78848K), 4 survivors (4096K)
 Metaspace       used 85721K, committed 86592K, reserved 557056K
  class space    used 11937K, committed 12352K, reserved 425984K
}
Event: 21.042 GC heap after
{Heap after GC invocations=41 (full 0):
 garbage-first heap   total 233472K, used 110343K [0x0000000080000000, 0x0000000100000000)
  region size 1024K, 8 young (8192K), 8 survivors (8192K)
 Metaspace       used 85721K, committed 86592K, reserved 557056K
  class space    used 11937K, committed 12352K, reserved 425984K
}
Event: 21.227 GC heap before
{Heap before GC invocations=41 (full 0):
 garbage-first heap   total 233472K, used 123655K [0x0000000080000000, 0x0000000100000000)
  region size 1024K, 22 young (22528K), 8 survivors (8192K)
 Metaspace       used 86550K, committed 87488K, reserved 557056K
  class space    used 12055K, committed 12480K, reserved 425984K
}
Event: 21.234 GC heap after
{Heap after GC invocations=42 (full 0):
 garbage-first heap   total 233472K, used 111525K [0x0000000080000000, 0x0000000100000000)
  region size 1024K, 6 young (6144K), 6 survivors (6144K)
 Metaspace       used 86550K, committed 87488K, reserved 557056K
  class space    used 12055K, committed 12480K, reserved 425984K
}
Event: 22.056 GC heap before
{Heap before GC invocations=43 (full 0):
 garbage-first heap   total 233472K, used 189349K [0x0000000080000000, 0x0000000100000000)
  region size 1024K, 81 young (82944K), 6 survivors (6144K)
 Metaspace       used 91239K, committed 92224K, reserved 557056K
  class space    used 12881K, committed 13376K, reserved 425984K
}
Event: 22.062 GC heap after
{Heap after GC invocations=44 (full 0):
 garbage-first heap   total 233472K, used 113612K [0x0000000080000000, 0x0000000100000000)
  region size 1024K, 8 young (8192K), 8 survivors (8192K)
 Metaspace       used 91239K, committed 92224K, reserved 557056K
  class space    used 12881K, committed 13376K, reserved 425984K
}
Event: 22.090 GC heap before
{Heap before GC invocations=44 (full 0):
 garbage-first heap   total 233472K, used 116684K [0x0000000080000000, 0x0000000100000000)
  region size 1024K, 11 young (11264K), 8 survivors (8192K)
 Metaspace       used 91442K, committed 92352K, reserved 557056K
  class space    used 12906K, committed 13376K, reserved 425984K
}
Event: 22.097 GC heap after
{Heap after GC invocations=45 (full 0):
 garbage-first heap   total 233472K, used 113597K [0x0000000080000000, 0x0000000100000000)
  region size 1024K, 2 young (2048K), 2 survivors (2048K)
 Metaspace       used 91442K, committed 92352K, reserved 557056K
  class space    used 12906K, committed 13376K, reserved 425984K
}
Event: 23.133 GC heap before
{Heap before GC invocations=45 (full 0):
 garbage-first heap   total 233472K, used 190397K [0x0000000080000000, 0x0000000100000000)
  region size 1024K, 77 young (78848K), 2 survivors (2048K)
 Metaspace       used 93895K, committed 94912K, reserved 557056K
  class space    used 13215K, committed 13696K, reserved 425984K
}
Event: 23.142 GC heap after
{Heap after GC invocations=46 (full 0):
 garbage-first heap   total 233472K, used 120647K [0x0000000080000000, 0x0000000100000000)
  region size 1024K, 9 young (9216K), 9 survivors (9216K)
 Metaspace       used 93895K, committed 94912K, reserved 557056K
  class space    used 13215K, committed 13696K, reserved 425984K
}
Event: 23.452 GC heap before
{Heap before GC invocations=46 (full 0):
 garbage-first heap   total 233472K, used 189255K [0x0000000080000000, 0x0000000100000000)
  region size 1024K, 77 young (78848K), 9 survivors (9216K)
 Metaspace       used 93917K, committed 94912K, reserved 557056K
  class space    used 13215K, committed 13696K, reserved 425984K
}
Event: 23.461 GC heap after
{Heap after GC invocations=47 (full 0):
 garbage-first heap   total 233472K, used 123455K [0x0000000080000000, 0x0000000100000000)
  region size 1024K, 5 young (5120K), 5 survivors (5120K)
 Metaspace       used 93917K, committed 94912K, reserved 557056K
  class space    used 13215K, committed 13696K, reserved 425984K
}
Event: 23.868 GC heap before
{Heap before GC invocations=47 (full 0):
 garbage-first heap   total 233472K, used 191039K [0x0000000080000000, 0x0000000100000000)
  region size 1024K, 72 young (73728K), 5 survivors (5120K)
 Metaspace       used 93918K, committed 94912K, reserved 557056K
  class space    used 13215K, committed 13696K, reserved 425984K
}
Event: 23.873 GC heap after
{Heap after GC invocations=48 (full 0):
 garbage-first heap   total 233472K, used 124598K [0x0000000080000000, 0x0000000100000000)
  region size 1024K, 6 young (6144K), 6 survivors (6144K)
 Metaspace       used 93918K, committed 94912K, reserved 557056K
  class space    used 13215K, committed 13696K, reserved 425984K
}
Event: 24.849 GC heap before
{Heap before GC invocations=49 (full 0):
 garbage-first heap   total 237568K, used 195254K [0x0000000080000000, 0x0000000100000000)
  region size 1024K, 72 young (73728K), 6 survivors (6144K)
 Metaspace       used 95882K, committed 96896K, reserved 557056K
  class space    used 13546K, committed 14016K, reserved 425984K
}
Event: 24.858 GC heap after
{Heap after GC invocations=50 (full 0):
 garbage-first heap   total 237568K, used 140099K [0x0000000080000000, 0x0000000100000000)
  region size 1024K, 9 young (9216K), 9 survivors (9216K)
 Metaspace       used 95882K, committed 96896K, reserved 557056K
  class space    used 13546K, committed 14016K, reserved 425984K
}
Event: 24.887 GC heap before
{Heap before GC invocations=50 (full 0):
 garbage-first heap   total 237568K, used 142147K [0x0000000080000000, 0x0000000100000000)
  region size 1024K, 11 young (11264K), 9 survivors (9216K)
 Metaspace       used 95992K, committed 97024K, reserved 557056K
  class space    used 13560K, committed 14016K, reserved 425984K
}
Event: 24.893 GC heap after
{Heap after GC invocations=51 (full 0):
 garbage-first heap   total 237568K, used 140319K [0x0000000080000000, 0x0000000100000000)
  region size 1024K, 1 young (1024K), 1 survivors (1024K)
 Metaspace       used 95992K, committed 97024K, reserved 557056K
  class space    used 13560K, committed 14016K, reserved 425984K
}

