# JRE version: OpenJDK Runtime Environment Microsoft-8035246 (17.0.8+7) (build 17.0.8+7-LTS)
# Java VM: OpenJDK 64-Bit Server VM Microsoft-8035246 (17.0.8+7-LTS, mixed mode, sharing, tiered, compressed oops, compressed class ptrs, g1 gc, windows-amd64)
GC Precious Log:
 CPUs: 8 total, 8 available
 Memory: 16190M
 Large Page Support: Disabled
 NUMA Support: Disabled
 Compressed Oops: Enabled (32-bit)
 Heap Region Size: 1M
 Heap Min Capacity: 8M
 Heap Initial Capacity: 254M
 Heap Max Capacity: 2G
 Pre-touch: Disabled
 Parallel Workers: 8
 Concurrent Workers: 2
 Concurrent Refinement Workers: 8
 Periodic GC: Disabled
Heap:
 garbage-first heap   total 314368K, used 258448K [0x0000000080000000, 0x0000000100000000)
  region size 1024K, 130 young (133120K), 7 survivors (7168K)
 Metaspace       used 97508K, committed 98496K, reserved 557056K
  class space    used 13699K, committed 14144K, reserved 425984K
GC Heap History (20 events):
Event: 20.518 GC heap before
{Heap before GC invocations=26 (full 0):
 garbage-first heap   total 135168K, used 110467K [0x0000000080000000, 0x0000000100000000)
  region size 1024K, 37 young (37888K), 5 survivors (5120K)
 Metaspace       used 69593K, committed 70400K, reserved 491520K
  class space    used 9938K, committed 10304K, reserved 425984K
}
Event: 20.524 GC heap after
{Heap after GC invocations=27 (full 0):
 garbage-first heap   total 135168K, used 81098K [0x0000000080000000, 0x0000000100000000)
  region size 1024K, 5 young (5120K), 5 survivors (5120K)
 Metaspace       used 69593K, committed 70400K, reserved 491520K
  class space    used 9938K, committed 10304K, reserved 425984K
}
Event: 20.547 GC heap before
{Heap before GC invocations=27 (full 0):
 garbage-first heap   total 135168K, used 82122K [0x0000000080000000, 0x0000000100000000)
  region size 1024K, 6 young (6144K), 5 survivors (5120K)
 Metaspace       used 69622K, committed 70400K, reserved 491520K
  class space    used 9939K, committed 10304K, reserved 425984K
}
Event: 20.551 GC heap after
{Heap after GC invocations=28 (full 0):
 garbage-first heap   total 135168K, used 80569K [0x0000000080000000, 0x0000000100000000)
  region size 1024K, 1 young (1024K), 1 survivors (1024K)
 Metaspace       used 69622K, committed 70400K, reserved 491520K
  class space    used 9939K, committed 10304K, reserved 425984K
}
Event: 20.769 GC heap before
{Heap before GC invocations=28 (full 0):
 garbage-first heap   total 135168K, used 109241K [0x0000000080000000, 0x0000000100000000)
  region size 1024K, 30 young (30720K), 1 survivors (1024K)
 Metaspace       used 69812K, committed 70592K, reserved 491520K
  class space    used 9940K, committed 10304K, reserved 425984K
}
Event: 20.773 GC heap after
{Heap after GC invocations=29 (full 0):
 garbage-first heap   total 135168K, used 83273K [0x0000000080000000, 0x0000000100000000)
  region size 1024K, 4 young (4096K), 4 survivors (4096K)
 Metaspace       used 69812K, committed 70592K, reserved 491520K
  class space    used 9940K, committed 10304K, reserved 425984K
}
Event: 20.946 GC heap before
{Heap before GC invocations=30 (full 0):
 garbage-first heap   total 158720K, used 108873K [0x0000000080000000, 0x0000000100000000)
  region size 1024K, 30 young (30720K), 4 survivors (4096K)
 Metaspace       used 69916K, committed 70656K, reserved 491520K
  class space    used 9940K, committed 10304K, reserved 425984K
}
Event: 20.950 GC heap after
{Heap after GC invocations=31 (full 0):
 garbage-first heap   total 158720K, used 84141K [0x0000000080000000, 0x0000000100000000)
  region size 1024K, 3 young (3072K), 3 survivors (3072K)
 Metaspace       used 69916K, committed 70656K, reserved 491520K
  class space    used 9940K, committed 10304K, reserved 425984K
}
Event: 20.966 GC heap before
{Heap before GC invocations=31 (full 0):
 garbage-first heap   total 158720K, used 87213K [0x0000000080000000, 0x0000000100000000)
  region size 1024K, 7 young (7168K), 3 survivors (3072K)
 Metaspace       used 69920K, committed 70656K, reserved 491520K
  class space    used 9940K, committed 10304K, reserved 425984K
}
Event: 20.970 GC heap after
{Heap after GC invocations=32 (full 0):
 garbage-first heap   total 314368K, used 82421K [0x0000000080000000, 0x0000000100000000)
  region size 1024K, 1 young (1024K), 1 survivors (1024K)
 Metaspace       used 69920K, committed 70656K, reserved 491520K
  class space    used 9940K, committed 10304K, reserved 425984K
}
Event: 22.623 GC heap before
{Heap before GC invocations=32 (full 0):
 garbage-first heap   total 314368K, used 245237K [0x0000000080000000, 0x0000000100000000)
  region size 1024K, 154 young (157696K), 1 survivors (1024K)
 Metaspace       used 74146K, committed 75008K, reserved 491520K
  class space    used 10420K, committed 10816K, reserved 425984K
}
Event: 22.631 GC heap after
{Heap after GC invocations=33 (full 0):
 garbage-first heap   total 314368K, used 98910K [0x0000000080000000, 0x0000000100000000)
  region size 1024K, 12 young (12288K), 12 survivors (12288K)
 Metaspace       used 74146K, committed 75008K, reserved 491520K
  class space    used 10420K, committed 10816K, reserved 425984K
}
Event: 24.451 GC heap before
{Heap before GC invocations=33 (full 0):
 garbage-first heap   total 314368K, used 251486K [0x0000000080000000, 0x0000000100000000)
  region size 1024K, 156 young (159744K), 12 survivors (12288K)
 Metaspace       used 83979K, committed 84864K, reserved 557056K
  class space    used 11717K, committed 12160K, reserved 425984K
}
Event: 24.461 GC heap after
{Heap after GC invocations=34 (full 0):
 garbage-first heap   total 314368K, used 109399K [0x0000000080000000, 0x0000000100000000)
  region size 1024K, 10 young (10240K), 10 survivors (10240K)
 Metaspace       used 83979K, committed 84864K, reserved 557056K
  class space    used 11717K, committed 12160K, reserved 425984K
}
Event: 25.953 GC heap before
{Heap before GC invocations=34 (full 0):
 garbage-first heap   total 314368K, used 247639K [0x0000000080000000, 0x0000000100000000)
  region size 1024K, 145 young (148480K), 10 survivors (10240K)
 Metaspace       used 89534K, committed 90432K, reserved 557056K
  class space    used 12642K, committed 13056K, reserved 425984K
}
Event: 25.961 GC heap after
{Heap after GC invocations=35 (full 0):
 garbage-first heap   total 314368K, used 115946K [0x0000000080000000, 0x0000000100000000)
  region size 1024K, 16 young (16384K), 16 survivors (16384K)
 Metaspace       used 89534K, committed 90432K, reserved 557056K
  class space    used 12642K, committed 13056K, reserved 425984K
}
Event: 27.321 GC heap before
{Heap before GC invocations=35 (full 0):
 garbage-first heap   total 314368K, used 250090K [0x0000000080000000, 0x0000000100000000)
  region size 1024K, 148 young (151552K), 16 survivors (16384K)
 Metaspace       used 93882K, committed 94848K, reserved 557056K
  class space    used 13211K, committed 13632K, reserved 425984K
}
Event: 27.339 GC heap after
{Heap after GC invocations=36 (full 0):
 garbage-first heap   total 314368K, used 126805K [0x0000000080000000, 0x0000000100000000)
  region size 1024K, 18 young (18432K), 18 survivors (18432K)
 Metaspace       used 93882K, committed 94848K, reserved 557056K
  class space    used 13211K, committed 13632K, reserved 425984K
}
Event: 27.940 GC heap before
{Heap before GC invocations=36 (full 0):
 garbage-first heap   total 314368K, used 252757K [0x0000000080000000, 0x0000000100000000)
  region size 1024K, 142 young (145408K), 18 survivors (18432K)
 Metaspace       used 94276K, committed 95232K, reserved 557056K
  class space    used 13259K, committed 13696K, reserved 425984K
}
Event: 27.955 GC heap after
{Heap after GC invocations=37 (full 0):
 garbage-first heap   total 314368K, used 130448K [0x0000000080000000, 0x0000000100000000)
  region size 1024K, 7 young (7168K), 7 survivors (7168K)
 Metaspace       used 94276K, committed 95232K, reserved 557056K
  class space    used 13259K, committed 13696K, reserved 425984K
}

