# JRE version: OpenJDK Runtime Environment Microsoft-8035246 (17.0.8+7) (build 17.0.8+7-LTS)
# Java VM: OpenJDK 64-Bit Server VM Microsoft-8035246 (17.0.8+7-LTS, mixed mode, sharing, tiered, compressed oops, compressed class ptrs, g1 gc, windows-amd64)
GC Precious Log:
 CPUs: 8 total, 8 available
 Memory: 16190M
 Large Page Support: Disabled
 NUMA Support: Disabled
 Compressed Oops: Enabled (32-bit)
 Heap Region Size: 1M
 Heap Min Capacity: 8M
 Heap Initial Capacity: 254M
 Heap Max Capacity: 2G
 Pre-touch: Disabled
 Parallel Workers: 8
 Concurrent Workers: 2
 Concurrent Refinement Workers: 8
 Periodic GC: Disabled
Heap:
 garbage-first heap   total 215040K, used 130372K [0x0000000080000000, 0x0000000100000000)
  region size 1024K, 10 young (10240K), 5 survivors (5120K)
 Metaspace       used 93973K, committed 94848K, reserved 557056K
  class space    used 13221K, committed 13632K, reserved 425984K
GC Heap History (20 events):
Event: 23.510 GC heap before
{Heap before GC invocations=36 (full 0):
 garbage-first heap   total 179200K, used 144797K [0x0000000080000000, 0x0000000100000000)
  region size 1024K, 49 young (50176K), 7 survivors (7168K)
 Metaspace       used 80461K, committed 81280K, reserved 557056K
  class space    used 11230K, committed 11648K, reserved 425984K
}
Event: 23.516 GC heap after
{Heap after GC invocations=37 (full 0):
 garbage-first heap   total 179200K, used 104229K [0x0000000080000000, 0x0000000100000000)
  region size 1024K, 3 young (3072K), 3 survivors (3072K)
 Metaspace       used 80461K, committed 81280K, reserved 557056K
  class space    used 11230K, committed 11648K, reserved 425984K
}
Event: 23.950 GC heap before
{Heap before GC invocations=37 (full 0):
 garbage-first heap   total 179200K, used 147237K [0x0000000080000000, 0x0000000100000000)
  region size 1024K, 45 young (46080K), 3 survivors (3072K)
 Metaspace       used 83605K, committed 84480K, reserved 557056K
  class space    used 11630K, committed 12032K, reserved 425984K
}
Event: 23.953 GC heap after
{Heap after GC invocations=38 (full 0):
 garbage-first heap   total 179200K, used 105730K [0x0000000080000000, 0x0000000100000000)
  region size 1024K, 4 young (4096K), 4 survivors (4096K)
 Metaspace       used 83605K, committed 84480K, reserved 557056K
  class space    used 11630K, committed 12032K, reserved 425984K
}
Event: 24.295 GC heap before
{Heap before GC invocations=38 (full 0):
 garbage-first heap   total 179200K, used 148738K [0x0000000080000000, 0x0000000100000000)
  region size 1024K, 46 young (47104K), 4 survivors (4096K)
 Metaspace       used 84232K, committed 85120K, reserved 557056K
  class space    used 11736K, committed 12160K, reserved 425984K
}
Event: 24.301 GC heap after
{Heap after GC invocations=39 (full 0):
 garbage-first heap   total 179200K, used 108951K [0x0000000080000000, 0x0000000100000000)
  region size 1024K, 5 young (5120K), 5 survivors (5120K)
 Metaspace       used 84232K, committed 85120K, reserved 557056K
  class space    used 11736K, committed 12160K, reserved 425984K
}
Event: 24.698 GC heap before
{Heap before GC invocations=39 (full 0):
 garbage-first heap   total 179200K, used 149911K [0x0000000080000000, 0x0000000100000000)
  region size 1024K, 45 young (46080K), 5 survivors (5120K)
 Metaspace       used 85731K, committed 86592K, reserved 557056K
  class space    used 11937K, committed 12352K, reserved 425984K
}
Event: 24.706 GC heap after
{Heap after GC invocations=40 (full 0):
 garbage-first heap   total 179200K, used 111437K [0x0000000080000000, 0x0000000100000000)
  region size 1024K, 6 young (6144K), 6 survivors (6144K)
 Metaspace       used 85731K, committed 86592K, reserved 557056K
  class space    used 11937K, committed 12352K, reserved 425984K
}
Event: 25.160 GC heap before
{Heap before GC invocations=40 (full 0):
 garbage-first heap   total 179200K, used 150349K [0x0000000080000000, 0x0000000100000000)
  region size 1024K, 44 young (45056K), 6 survivors (6144K)
 Metaspace       used 88031K, committed 88896K, reserved 557056K
  class space    used 12315K, committed 12736K, reserved 425984K
}
Event: 25.164 GC heap after
{Heap after GC invocations=41 (full 0):
 garbage-first heap   total 179200K, used 112866K [0x0000000080000000, 0x0000000100000000)
  region size 1024K, 4 young (4096K), 4 survivors (4096K)
 Metaspace       used 88031K, committed 88896K, reserved 557056K
  class space    used 12315K, committed 12736K, reserved 425984K
}
Event: 25.614 GC heap before
{Heap before GC invocations=41 (full 0):
 garbage-first heap   total 179200K, used 151778K [0x0000000080000000, 0x0000000100000000)
  region size 1024K, 42 young (43008K), 4 survivors (4096K)
 Metaspace       used 90487K, committed 91328K, reserved 557056K
  class space    used 12760K, committed 13184K, reserved 425984K
}
Event: 25.618 GC heap after
{Heap after GC invocations=42 (full 0):
 garbage-first heap   total 179200K, used 114331K [0x0000000080000000, 0x0000000100000000)
  region size 1024K, 3 young (3072K), 3 survivors (3072K)
 Metaspace       used 90487K, committed 91328K, reserved 557056K
  class space    used 12760K, committed 13184K, reserved 425984K
}
Event: 25.999 GC heap before
{Heap before GC invocations=42 (full 0):
 garbage-first heap   total 179200K, used 153243K [0x0000000080000000, 0x0000000100000000)
  region size 1024K, 41 young (41984K), 3 survivors (3072K)
 Metaspace       used 92696K, committed 93632K, reserved 557056K
  class space    used 13081K, committed 13504K, reserved 425984K
}
Event: 26.003 GC heap after
{Heap after GC invocations=43 (full 0):
 garbage-first heap   total 179200K, used 116566K [0x0000000080000000, 0x0000000100000000)
  region size 1024K, 5 young (5120K), 5 survivors (5120K)
 Metaspace       used 92696K, committed 93632K, reserved 557056K
  class space    used 13081K, committed 13504K, reserved 425984K
}
Event: 26.410 GC heap before
{Heap before GC invocations=43 (full 0):
 garbage-first heap   total 179200K, used 153430K [0x0000000080000000, 0x0000000100000000)
  region size 1024K, 41 young (41984K), 5 survivors (5120K)
 Metaspace       used 93753K, committed 94656K, reserved 557056K
  class space    used 13218K, committed 13632K, reserved 425984K
}
Event: 26.415 GC heap after
{Heap after GC invocations=44 (full 0):
 garbage-first heap   total 179200K, used 120028K [0x0000000080000000, 0x0000000100000000)
  region size 1024K, 6 young (6144K), 6 survivors (6144K)
 Metaspace       used 93753K, committed 94656K, reserved 557056K
  class space    used 13218K, committed 13632K, reserved 425984K
}
Event: 26.787 GC heap before
{Heap before GC invocations=44 (full 0):
 garbage-first heap   total 179200K, used 152796K [0x0000000080000000, 0x0000000100000000)
  region size 1024K, 38 young (38912K), 6 survivors (6144K)
 Metaspace       used 93958K, committed 94848K, reserved 557056K
  class space    used 13221K, committed 13632K, reserved 425984K
}
Event: 26.797 GC heap after
{Heap after GC invocations=45 (full 0):
 garbage-first heap   total 179200K, used 124421K [0x0000000080000000, 0x0000000100000000)
  region size 1024K, 5 young (5120K), 5 survivors (5120K)
 Metaspace       used 93958K, committed 94848K, reserved 557056K
  class space    used 13221K, committed 13632K, reserved 425984K
}
Event: 26.951 GC heap before
{Heap before GC invocations=45 (full 0):
 garbage-first heap   total 179200K, used 151045K [0x0000000080000000, 0x0000000100000000)
  region size 1024K, 32 young (32768K), 5 survivors (5120K)
 Metaspace       used 93972K, committed 94848K, reserved 557056K
  class space    used 13221K, committed 13632K, reserved 425984K
}
Event: 26.957 GC heap after
{Heap after GC invocations=46 (full 0):
 garbage-first heap   total 215040K, used 125148K [0x0000000080000000, 0x0000000100000000)
  region size 1024K, 3 young (3072K), 3 survivors (3072K)
 Metaspace       used 93972K, committed 94848K, reserved 557056K
  class space    used 13221K, committed 13632K, reserved 425984K
}

