# JRE version: OpenJDK Runtime Environment Microsoft-8035246 (17.0.8+7) (build 17.0.8+7-LTS)
# Java VM: OpenJDK 64-Bit Server VM Microsoft-8035246 (17.0.8+7-LTS, mixed mode, sharing, tiered, compressed oops, compressed class ptrs, g1 gc, windows-amd64)
GC Precious Log:
 CPUs: 8 total, 8 available
 Memory: 16190M
 Large Page Support: Disabled
 NUMA Support: Disabled
 Compressed Oops: Enabled (32-bit)
 Heap Region Size: 1M
 Heap Min Capacity: 8M
 Heap Initial Capacity: 254M
 Heap Max Capacity: 2G
 Pre-touch: Disabled
 Parallel Workers: 8
 Concurrent Workers: 2
 Concurrent Refinement Workers: 8
 Periodic GC: Disabled
Heap:
 garbage-first heap   total 209920K, used 159130K [0x0000000080000000, 0x0000000100000000)
  region size 1024K, 32 young (32768K), 5 survivors (5120K)
 Metaspace       used 94491K, committed 95424K, reserved 557056K
  class space    used 13305K, committed 13760K, reserved 425984K
GC Heap History (20 events):
Event: 23.928 GC heap before
{Heap before GC invocations=32 (full 0):
 garbage-first heap   total 209920K, used 168959K [0x0000000080000000, 0x0000000100000000)
  region size 1024K, 67 young (68608K), 8 survivors (8192K)
 Metaspace       used 79819K, committed 80640K, reserved 557056K
  class space    used 11121K, committed 11520K, reserved 425984K
}
Event: 23.932 GC heap after
{Heap after GC invocations=33 (full 0):
 garbage-first heap   total 209920K, used 107072K [0x0000000080000000, 0x0000000100000000)
  region size 1024K, 4 young (4096K), 4 survivors (4096K)
 Metaspace       used 79819K, committed 80640K, reserved 557056K
  class space    used 11121K, committed 11520K, reserved 425984K
}
Event: 24.478 GC heap before
{Heap before GC invocations=34 (full 0):
 garbage-first heap   total 209920K, used 169536K [0x0000000080000000, 0x0000000100000000)
  region size 1024K, 65 young (66560K), 4 survivors (4096K)
 Metaspace       used 83900K, committed 84800K, reserved 557056K
  class space    used 11694K, committed 12160K, reserved 425984K
}
Event: 24.482 GC heap after
{Heap after GC invocations=35 (full 0):
 garbage-first heap   total 209920K, used 109918K [0x0000000080000000, 0x0000000100000000)
  region size 1024K, 7 young (7168K), 7 survivors (7168K)
 Metaspace       used 83900K, committed 84800K, reserved 557056K
  class space    used 11694K, committed 12160K, reserved 425984K
}
Event: 24.510 GC heap before
{Heap before GC invocations=35 (full 0):
 garbage-first heap   total 209920K, used 111966K [0x0000000080000000, 0x0000000100000000)
  region size 1024K, 10 young (10240K), 7 survivors (7168K)
 Metaspace       used 84007K, committed 84928K, reserved 557056K
  class space    used 11719K, committed 12160K, reserved 425984K
}
Event: 24.514 GC heap after
{Heap after GC invocations=36 (full 0):
 garbage-first heap   total 209920K, used 109017K [0x0000000080000000, 0x0000000100000000)
  region size 1024K, 2 young (2048K), 2 survivors (2048K)
 Metaspace       used 84007K, committed 84928K, reserved 557056K
  class space    used 11719K, committed 12160K, reserved 425984K
}
Event: 25.025 GC heap before
{Heap before GC invocations=36 (full 0):
 garbage-first heap   total 209920K, used 171481K [0x0000000080000000, 0x0000000100000000)
  region size 1024K, 63 young (64512K), 2 survivors (2048K)
 Metaspace       used 85193K, committed 86080K, reserved 557056K
  class space    used 11859K, committed 12288K, reserved 425984K
}
Event: 25.032 GC heap after
{Heap after GC invocations=37 (full 0):
 garbage-first heap   total 209920K, used 112238K [0x0000000080000000, 0x0000000100000000)
  region size 1024K, 5 young (5120K), 5 survivors (5120K)
 Metaspace       used 85193K, committed 86080K, reserved 557056K
  class space    used 11859K, committed 12288K, reserved 425984K
}
Event: 25.731 GC heap before
{Heap before GC invocations=37 (full 0):
 garbage-first heap   total 209920K, used 173678K [0x0000000080000000, 0x0000000100000000)
  region size 1024K, 64 young (65536K), 5 survivors (5120K)
 Metaspace       used 88768K, committed 89664K, reserved 557056K
  class space    used 12497K, committed 12928K, reserved 425984K
}
Event: 25.735 GC heap after
{Heap after GC invocations=38 (full 0):
 garbage-first heap   total 209920K, used 114086K [0x0000000080000000, 0x0000000100000000)
  region size 1024K, 6 young (6144K), 6 survivors (6144K)
 Metaspace       used 88768K, committed 89664K, reserved 557056K
  class space    used 12497K, committed 12928K, reserved 425984K
}
Event: 26.353 GC heap before
{Heap before GC invocations=38 (full 0):
 garbage-first heap   total 209920K, used 174502K [0x0000000080000000, 0x0000000100000000)
  region size 1024K, 65 young (66560K), 6 survivors (6144K)
 Metaspace       used 92454K, committed 93376K, reserved 557056K
  class space    used 13055K, committed 13504K, reserved 425984K
}
Event: 26.359 GC heap after
{Heap after GC invocations=39 (full 0):
 garbage-first heap   total 209920K, used 117113K [0x0000000080000000, 0x0000000100000000)
  region size 1024K, 5 young (5120K), 5 survivors (5120K)
 Metaspace       used 92454K, committed 93376K, reserved 557056K
  class space    used 13055K, committed 13504K, reserved 425984K
}
Event: 27.353 GC heap before
{Heap before GC invocations=39 (full 0):
 garbage-first heap   total 209920K, used 175481K [0x0000000080000000, 0x0000000100000000)
  region size 1024K, 63 young (64512K), 5 survivors (5120K)
 Metaspace       used 93839K, committed 94848K, reserved 557056K
  class space    used 13211K, committed 13696K, reserved 425984K
}
Event: 27.364 GC heap after
{Heap after GC invocations=40 (full 0):
 garbage-first heap   total 209920K, used 124131K [0x0000000080000000, 0x0000000100000000)
  region size 1024K, 8 young (8192K), 8 survivors (8192K)
 Metaspace       used 93839K, committed 94848K, reserved 557056K
  class space    used 13211K, committed 13696K, reserved 425984K
}
Event: 27.745 GC heap before
{Heap before GC invocations=40 (full 0):
 garbage-first heap   total 209920K, used 173283K [0x0000000080000000, 0x0000000100000000)
  region size 1024K, 57 young (58368K), 8 survivors (8192K)
 Metaspace       used 93857K, committed 94848K, reserved 557056K
  class space    used 13211K, committed 13696K, reserved 425984K
}
Event: 27.756 GC heap after
{Heap after GC invocations=41 (full 0):
 garbage-first heap   total 209920K, used 127486K [0x0000000080000000, 0x0000000100000000)
  region size 1024K, 5 young (5120K), 5 survivors (5120K)
 Metaspace       used 93857K, committed 94848K, reserved 557056K
  class space    used 13211K, committed 13696K, reserved 425984K
}
Event: 28.067 GC heap before
{Heap before GC invocations=41 (full 0):
 garbage-first heap   total 209920K, used 174590K [0x0000000080000000, 0x0000000100000000)
  region size 1024K, 52 young (53248K), 5 survivors (5120K)
 Metaspace       used 93858K, committed 94848K, reserved 557056K
  class space    used 13211K, committed 13696K, reserved 425984K
}
Event: 28.078 GC heap after
{Heap after GC invocations=42 (full 0):
 garbage-first heap   total 209920K, used 128046K [0x0000000080000000, 0x0000000100000000)
  region size 1024K, 5 young (5120K), 5 survivors (5120K)
 Metaspace       used 93858K, committed 94848K, reserved 557056K
  class space    used 13211K, committed 13696K, reserved 425984K
}
Event: 28.379 GC heap before
{Heap before GC invocations=42 (full 0):
 garbage-first heap   total 209920K, used 175150K [0x0000000080000000, 0x0000000100000000)
  region size 1024K, 52 young (53248K), 5 survivors (5120K)
 Metaspace       used 93862K, committed 94848K, reserved 557056K
  class space    used 13211K, committed 13696K, reserved 425984K
}
Event: 28.385 GC heap after
{Heap after GC invocations=43 (full 0):
 garbage-first heap   total 209920K, used 129434K [0x0000000080000000, 0x0000000100000000)
  region size 1024K, 5 young (5120K), 5 survivors (5120K)
 Metaspace       used 93862K, committed 94848K, reserved 557056K
  class space    used 13211K, committed 13696K, reserved 425984K
}

